<?xml version="1.0" encoding="UTF-8"?>
<!-- Generated by org.testng.reporters.JUnitReportReporter -->
<testsuite hostname="LAPTOP-HHUMO6R2" failures="0" tests="3" name="com.selenium.tests.homePageTest" time="52.139" errors="0" timestamp="2020-12-29T20:20:12 IST" skipped="0">
  <testcase classname="com.selenium.tests.homePageTest" name="checkBoxTest" time="19.411"/>
  <system-out/>
  <testcase classname="com.selenium.tests.homePageTest" name="enterMessage" time="19.066"/>
  <system-out/>
  <testcase classname="com.selenium.tests.homePageTest" name="checkHomePageToggle" time="13.662"/>
  <system-out/>
</testsuite> <!-- com.selenium.tests.homePageTest -->
