<?xml version="1.0" encoding="UTF-8"?>
<!-- Generated by org.testng.reporters.JUnitReportReporter -->
<testsuite hostname="LAPTOP-HHUMO6R2" failures="0" tests="1" name="com.selenium.tests.homePageTest" time="14.063" errors="0" timestamp="2021-01-03T19:48:52 IST" skipped="0">
  <testcase classname="com.selenium.tests.homePageTest" name="checkHomePageToggle" time="14.063"/>
  <system-out/>
</testsuite> <!-- com.selenium.tests.homePageTest -->
