<?xml version="1.0" encoding="UTF-8"?>
<!-- Generated by org.testng.reporters.JUnitReportReporter -->
<testsuite hostname="LAPTOP-HHUMO6R2" failures="0" tests="1" name="JavaWorkSpace.JavaExamples" time="1.539" errors="0" timestamp="2020-12-24T18:12:45 IST" skipped="0">
  <testcase classname="JavaWorkSpace.JavaExamples" name="demo2" time="1.539"/>
  <system-out/>
</testsuite> <!-- JavaWorkSpace.JavaExamples -->
